[+] Containers:
 |- [+] Container: /Game/FirstPerson/Maps/FirstPersonMap
 |   |- [+] ActorDescs:
 |   |   |- Guid:13F40C7241F9A80D3E971DBC21FCAFB0 BaseClass: NativeClass:/Script/Engine.SkyAtmosphere Name:SkyAtmosphere_0 Label:SkyAtmosphere SpatiallyLoaded:0 Bounds:IsValid=true, Min=(X=0.000 Y=0.000 Z=1020.000), Max=(X=0.000 Y=0.000 Z=1020.000) RuntimeGrid:None EditorOnly:0 RuntimeOnly:0 HLODRelevant:0 ListedInSceneOutliner:1 IsMainWorldOnly:0 FolderPath:Lighting FolderGuid:D9E1224C415FCB205E4105B3245ADAAB
 |   |   |- Guid:22C4F1724348A3818BBA0A939CA01B63 BaseClass: NativeClass:/Script/Engine.WorldDataLayers Name:WorldDataLayers Label:WorldDataLayers-1 SpatiallyLoaded:0 Bounds:IsValid=true, Min=(X=0.000 Y=0.000 Z=0.000), Max=(X=0.000 Y=0.000 Z=0.000) RuntimeGrid:None EditorOnly:0 RuntimeOnly:0 HLODRelevant:0 ListedInSceneOutliner:1 IsMainWorldOnly:1
 |   |   |- Guid:616554B84D9AF28DF69ABD8837FD26D7 BaseClass: NativeClass:/Script/Engine.ExponentialHeightFog Name:ExponentialHeightFog_0 Label:ExponentialHeightFog SpatiallyLoaded:0 Bounds:IsValid=true, Min=(X=-5600.000 Y=-50.000 Z=-6850.000), Max=(X=-5600.000 Y=-50.000 Z=-6850.000) RuntimeGrid:None EditorOnly:0 RuntimeOnly:0 HLODRelevant:0 ListedInSceneOutliner:1 IsMainWorldOnly:0 FolderPath:Lighting FolderGuid:D9E1224C415FCB205E4105B3245ADAAB
 |   |   |- Guid:6456ADDD428A590141FABFB9484712AA BaseClass: NativeClass:/Script/Engine.PostProcessVolume Name:PostProcessVolume_0 Label:PostProcessVolume SpatiallyLoaded:0 Bounds:IsValid=true, Min=(X=0.000 Y=0.000 Z=400.000), Max=(X=200.000 Y=200.000 Z=600.000) RuntimeGrid:None EditorOnly:0 RuntimeOnly:0 HLODRelevant:0 ListedInSceneOutliner:1 IsMainWorldOnly:0 FolderPath:Lighting FolderGuid:D9E1224C415FCB205E4105B3245ADAAB
 |   |   |- Guid:7A699BF944F9DAC273FB4FAD2236D7F8 BaseClass: NativeClass:/Script/Engine.SkyLight Name:SkyLight_0 Label:SkyLight SpatiallyLoaded:0 Bounds:IsValid=true, Min=(X=0.000 Y=0.000 Z=690.000), Max=(X=0.000 Y=0.000 Z=690.000) RuntimeGrid:None EditorOnly:0 RuntimeOnly:0 HLODRelevant:0 ListedInSceneOutliner:1 IsMainWorldOnly:0 FolderPath:Lighting FolderGuid:D9E1224C415FCB205E4105B3245ADAAB
 |   |   |- Guid:97FF78FB4EC8F13EF6751DB180B1CE46 BaseClass: NativeClass:/Script/Engine.DirectionalLight Name:DirectionalLight_0 Label:DirectionalLight SpatiallyLoaded:0 Bounds:IsValid=true, Min=(X=-4398046511104.000 Y=-4398046511104.000 Z=-4398046511104.000), Max=(X=4398046511104.000 Y=4398046511104.000 Z=4398046511104.000) RuntimeGrid:None EditorOnly:0 RuntimeOnly:0 HLODRelevant:0 ListedInSceneOutliner:1 IsMainWorldOnly:0 FolderPath:Lighting FolderGuid:D9E1224C415FCB205E4105B3245ADAAB
 |   |   |- Guid:A193674B480A39A47551D39FB4DFCD99 BaseClass: NativeClass:/Script/Engine.StaticMeshActor Name:StaticMeshActor_UAID_A4AE111137DC5FFB00_1159438599 Label:SM_SkySphere SpatiallyLoaded:0 Bounds:IsValid=true, Min=(X=-1638400.000 Y=-1638400.000 Z=-1638400.000), Max=(X=1638400.000 Y=1638400.000 Z=1638400.000) RuntimeGrid:None EditorOnly:0 RuntimeOnly:0 HLODRelevant:1 ListedInSceneOutliner:1 IsMainWorldOnly:0 FolderPath:Lighting FolderGuid:D9E1224C415FCB205E4105B3245ADAAB
 |   |   |- Guid:A5FCDC664219DC8AAD6D739ADEF9C627 BaseClass: NativeClass:/Script/Engine.PlayerStart Name:PlayerStart_0 Label:PlayerStart SpatiallyLoaded:0 Bounds:IsValid=true, Min=(X=-40.000 Y=-40.000 Z=2408.000), Max=(X=40.000 Y=40.000 Z=2592.000) RuntimeGrid:None EditorOnly:0 RuntimeOnly:0 HLODRelevant:0 ListedInSceneOutliner:1 IsMainWorldOnly:0
 |   |   |- Guid:B326783D46A6A43F55CCC9AB2A4C1863 BaseClass: NativeClass:/Script/Engine.VolumetricCloud Name:VolumetricCloud_0 Label:VolumetricCloud SpatiallyLoaded:0 Bounds:IsValid=true, Min=(X=0.000 Y=0.000 Z=820.000), Max=(X=0.000 Y=0.000 Z=820.000) RuntimeGrid:None EditorOnly:0 RuntimeOnly:0 HLODRelevant:0 ListedInSceneOutliner:1 IsMainWorldOnly:0 FolderPath:Lighting FolderGuid:D9E1224C415FCB205E4105B3245ADAAB
 |   |   |- Guid:F51C3FBA4034F791D8DCE3AE2A05CA12 BaseClass: NativeClass:/Script/Nimbus_Miner.EnvironmentManager Name:EnvironmentManager_UAID_BC0FF3D52AA410E701_1089200911 Label:EnvironmentManager SpatiallyLoaded:1 Bounds:IsValid=true, Min=(X=0.000 Y=0.000 Z=0.000), Max=(X=0.000 Y=0.000 Z=0.000) RuntimeGrid:None EditorOnly:0 RuntimeOnly:0 HLODRelevant:0 ListedInSceneOutliner:1 IsMainWorldOnly:0 FolderPath:Map FolderGuid:43B5B4854102FEE7EF37D089888A192A
 |   |- [+] Clusters:
 |   |   |- [+] [  0]
 |   |   |   |- Guid:13F40C7241F9A80D3E971DBC21FCAFB0 BaseClass: NativeClass:/Script/Engine.SkyAtmosphere Name:SkyAtmosphere_0 Label:SkyAtmosphere SpatiallyLoaded:0 Bounds:IsValid=true, Min=(X=0.000 Y=0.000 Z=1020.000), Max=(X=0.000 Y=0.000 Z=1020.000) RuntimeGrid:None EditorOnly:0 RuntimeOnly:0 HLODRelevant:0 ListedInSceneOutliner:1 IsMainWorldOnly:0 FolderPath:Lighting FolderGuid:D9E1224C415FCB205E4105B3245ADAAB
 |   |   |- [+] [  1]
 |   |   |   |- Guid:22C4F1724348A3818BBA0A939CA01B63 BaseClass: NativeClass:/Script/Engine.WorldDataLayers Name:WorldDataLayers Label:WorldDataLayers-1 SpatiallyLoaded:0 Bounds:IsValid=true, Min=(X=0.000 Y=0.000 Z=0.000), Max=(X=0.000 Y=0.000 Z=0.000) RuntimeGrid:None EditorOnly:0 RuntimeOnly:0 HLODRelevant:0 ListedInSceneOutliner:1 IsMainWorldOnly:1
 |   |   |- [+] [  2]
 |   |   |   |- Guid:616554B84D9AF28DF69ABD8837FD26D7 BaseClass: NativeClass:/Script/Engine.ExponentialHeightFog Name:ExponentialHeightFog_0 Label:ExponentialHeightFog SpatiallyLoaded:0 Bounds:IsValid=true, Min=(X=-5600.000 Y=-50.000 Z=-6850.000), Max=(X=-5600.000 Y=-50.000 Z=-6850.000) RuntimeGrid:None EditorOnly:0 RuntimeOnly:0 HLODRelevant:0 ListedInSceneOutliner:1 IsMainWorldOnly:0 FolderPath:Lighting FolderGuid:D9E1224C415FCB205E4105B3245ADAAB
 |   |   |- [+] [  3]
 |   |   |   |- Guid:6456ADDD428A590141FABFB9484712AA BaseClass: NativeClass:/Script/Engine.PostProcessVolume Name:PostProcessVolume_0 Label:PostProcessVolume SpatiallyLoaded:0 Bounds:IsValid=true, Min=(X=0.000 Y=0.000 Z=400.000), Max=(X=200.000 Y=200.000 Z=600.000) RuntimeGrid:None EditorOnly:0 RuntimeOnly:0 HLODRelevant:0 ListedInSceneOutliner:1 IsMainWorldOnly:0 FolderPath:Lighting FolderGuid:D9E1224C415FCB205E4105B3245ADAAB
 |   |   |- [+] [  4]
 |   |   |   |- Guid:7A699BF944F9DAC273FB4FAD2236D7F8 BaseClass: NativeClass:/Script/Engine.SkyLight Name:SkyLight_0 Label:SkyLight SpatiallyLoaded:0 Bounds:IsValid=true, Min=(X=0.000 Y=0.000 Z=690.000), Max=(X=0.000 Y=0.000 Z=690.000) RuntimeGrid:None EditorOnly:0 RuntimeOnly:0 HLODRelevant:0 ListedInSceneOutliner:1 IsMainWorldOnly:0 FolderPath:Lighting FolderGuid:D9E1224C415FCB205E4105B3245ADAAB
 |   |   |- [+] [  5]
 |   |   |   |- Guid:97FF78FB4EC8F13EF6751DB180B1CE46 BaseClass: NativeClass:/Script/Engine.DirectionalLight Name:DirectionalLight_0 Label:DirectionalLight SpatiallyLoaded:0 Bounds:IsValid=true, Min=(X=-4398046511104.000 Y=-4398046511104.000 Z=-4398046511104.000), Max=(X=4398046511104.000 Y=4398046511104.000 Z=4398046511104.000) RuntimeGrid:None EditorOnly:0 RuntimeOnly:0 HLODRelevant:0 ListedInSceneOutliner:1 IsMainWorldOnly:0 FolderPath:Lighting FolderGuid:D9E1224C415FCB205E4105B3245ADAAB
 |   |   |- [+] [  6]
 |   |   |   |- Guid:A193674B480A39A47551D39FB4DFCD99 BaseClass: NativeClass:/Script/Engine.StaticMeshActor Name:StaticMeshActor_UAID_A4AE111137DC5FFB00_1159438599 Label:SM_SkySphere SpatiallyLoaded:0 Bounds:IsValid=true, Min=(X=-1638400.000 Y=-1638400.000 Z=-1638400.000), Max=(X=1638400.000 Y=1638400.000 Z=1638400.000) RuntimeGrid:None EditorOnly:0 RuntimeOnly:0 HLODRelevant:1 ListedInSceneOutliner:1 IsMainWorldOnly:0 FolderPath:Lighting FolderGuid:D9E1224C415FCB205E4105B3245ADAAB
 |   |   |- [+] [  7]
 |   |   |   |- Guid:A5FCDC664219DC8AAD6D739ADEF9C627 BaseClass: NativeClass:/Script/Engine.PlayerStart Name:PlayerStart_0 Label:PlayerStart SpatiallyLoaded:0 Bounds:IsValid=true, Min=(X=-40.000 Y=-40.000 Z=2408.000), Max=(X=40.000 Y=40.000 Z=2592.000) RuntimeGrid:None EditorOnly:0 RuntimeOnly:0 HLODRelevant:0 ListedInSceneOutliner:1 IsMainWorldOnly:0
 |   |   |- [+] [  8]
 |   |   |   |- Guid:B326783D46A6A43F55CCC9AB2A4C1863 BaseClass: NativeClass:/Script/Engine.VolumetricCloud Name:VolumetricCloud_0 Label:VolumetricCloud SpatiallyLoaded:0 Bounds:IsValid=true, Min=(X=0.000 Y=0.000 Z=820.000), Max=(X=0.000 Y=0.000 Z=820.000) RuntimeGrid:None EditorOnly:0 RuntimeOnly:0 HLODRelevant:0 ListedInSceneOutliner:1 IsMainWorldOnly:0 FolderPath:Lighting FolderGuid:D9E1224C415FCB205E4105B3245ADAAB
 |   |   |- [+] [  9]
 |   |   |   |- Guid:F51C3FBA4034F791D8DCE3AE2A05CA12 BaseClass: NativeClass:/Script/Nimbus_Miner.EnvironmentManager Name:EnvironmentManager_UAID_BC0FF3D52AA410E701_1089200911 Label:EnvironmentManager SpatiallyLoaded:1 Bounds:IsValid=true, Min=(X=0.000 Y=0.000 Z=0.000), Max=(X=0.000 Y=0.000 Z=0.000) RuntimeGrid:None EditorOnly:0 RuntimeOnly:0 HLODRelevant:0 ListedInSceneOutliner:1 IsMainWorldOnly:0 FolderPath:Map FolderGuid:43B5B4854102FEE7EF37D089888A192A
 |- ContainerInstances:
 |- [+] MainContainer:
 |   |-        ID: 00000000000000000000000000000000
 |   |-  ParentID: 00000000000000000000000000000000
 |   |-    Bounds: IsValid=false, Min=(X=0.000 Y=0.000 Z=0.000), Max=(X=0.000 Y=0.000 Z=0.000)
 |   |- Transform: 0.000000,0.000000,0.000000|0.000000,0.000000,-0.000000|1.000000,1.000000,1.000000
 |   |- Container: /Game/FirstPerson/Maps/FirstPersonMap
